2024-11-27 05:34:50,108 INFO supervisord started with pid 1
2024-11-27 05:34:51,110 INFO spawned: 'queue_00' with pid 9
2024-11-27 05:34:51,111 INFO spawned: 'php-fpm' with pid 10
2024-11-27 05:34:52,130 INFO success: queue_00 entered RUNNING state, process has stayed up for > than 1 seconds (startsecs)
2024-11-27 05:34:52,130 INFO success: php-fpm entered RUNNING state, process has stayed up for > than 1 seconds (startsecs)
2024-11-27 05:36:03,292 INFO exited: queue_00 (exit status 0; expected)
2024-11-27 05:36:04,294 INFO spawned: 'queue_00' with pid 19
2024-11-27 05:36:04,410 INFO exited: queue_00 (exit status 0; not expected)
2024-11-27 05:36:05,414 INFO spawned: 'queue_00' with pid 26
2024-11-27 05:36:06,416 INFO success: queue_00 entered RUNNING state, process has stayed up for > than 1 seconds (startsecs)
2024-11-27 05:58:15,615 INFO exited: queue_00 (exit status 0; expected)
2024-11-27 05:58:16,619 INFO spawned: 'queue_00' with pid 34
2024-11-27 05:58:17,621 INFO success: queue_00 entered RUNNING state, process has stayed up for > than 1 seconds (startsecs)
2024-11-27 05:58:21,682 WARN received SIGQUIT indicating exit request
2024-11-27 05:58:21,683 INFO waiting for queue_00, php-fpm to die
2024-11-27 05:58:21,686 INFO stopped: php-fpm (exit status 0)
2024-11-27 05:58:21,687 INFO stopped: queue_00 (terminated by SIGTERM)
2024-11-27 06:32:39,408 INFO supervisord started with pid 1
2024-11-27 06:32:40,411 INFO spawned: 'queue_00' with pid 9
2024-11-27 06:32:40,412 INFO spawned: 'php-fpm' with pid 10
2024-11-27 06:32:41,432 INFO success: queue_00 entered RUNNING state, process has stayed up for > than 1 seconds (startsecs)
2024-11-27 06:32:41,432 INFO success: php-fpm entered RUNNING state, process has stayed up for > than 1 seconds (startsecs)
2024-11-27 06:35:46,678 INFO exited: queue_00 (exit status 0; expected)
2024-11-27 06:35:47,681 INFO spawned: 'queue_00' with pid 19
2024-11-27 06:35:48,683 INFO success: queue_00 entered RUNNING state, process has stayed up for > than 1 seconds (startsecs)
2024-11-27 06:35:53,197 WARN received SIGQUIT indicating exit request
2024-11-27 06:35:53,197 INFO waiting for queue_00, php-fpm to die
2024-11-27 06:35:53,201 INFO stopped: php-fpm (exit status 0)
2024-11-27 06:35:53,203 INFO stopped: queue_00 (terminated by SIGTERM)
2024-11-27 06:36:15,976 INFO supervisord started with pid 1
2024-11-27 06:36:16,979 INFO spawned: 'queue_00' with pid 9
2024-11-27 06:36:16,981 INFO spawned: 'php-fpm' with pid 10
2024-11-27 06:36:18,004 INFO success: queue_00 entered RUNNING state, process has stayed up for > than 1 seconds (startsecs)
2024-11-27 06:36:18,004 INFO success: php-fpm entered RUNNING state, process has stayed up for > than 1 seconds (startsecs)
2024-11-27 06:40:34,046 WARN received SIGQUIT indicating exit request
2024-11-27 06:40:34,046 INFO waiting for queue_00, php-fpm to die
2024-11-27 06:40:34,055 INFO stopped: php-fpm (exit status 0)
2024-11-27 06:40:34,056 INFO stopped: queue_00 (terminated by SIGTERM)
2024-11-27 06:40:35,437 INFO supervisord started with pid 1
2024-11-27 06:40:36,440 INFO spawned: 'queue_00' with pid 9
2024-11-27 06:40:36,442 INFO spawned: 'php-fpm' with pid 10
2024-11-27 06:40:37,464 INFO success: queue_00 entered RUNNING state, process has stayed up for > than 1 seconds (startsecs)
2024-11-27 06:40:37,464 INFO success: php-fpm entered RUNNING state, process has stayed up for > than 1 seconds (startsecs)
2024-11-27 06:42:36,683 INFO exited: queue_00 (exit status 0; expected)
2024-11-27 06:42:37,686 INFO spawned: 'queue_00' with pid 19
2024-11-27 06:42:37,959 INFO exited: queue_00 (exit status 0; not expected)
2024-11-27 06:42:38,962 INFO spawned: 'queue_00' with pid 26
2024-11-27 06:42:39,964 INFO success: queue_00 entered RUNNING state, process has stayed up for > than 1 seconds (startsecs)
2024-11-27 06:42:41,094 WARN received SIGQUIT indicating exit request
2024-11-27 06:42:41,095 INFO waiting for queue_00, php-fpm to die
2024-11-27 06:42:41,098 INFO stopped: php-fpm (exit status 0)
2024-11-27 06:42:41,100 INFO stopped: queue_00 (terminated by SIGTERM)
2024-11-27 06:44:16,089 INFO supervisord started with pid 1
2024-11-27 06:44:17,092 INFO spawned: 'queue_00' with pid 9
2024-11-27 06:44:17,094 INFO spawned: 'php-fpm' with pid 10
2024-11-27 06:44:18,114 INFO success: queue_00 entered RUNNING state, process has stayed up for > than 1 seconds (startsecs)
2024-11-27 06:44:18,115 INFO success: php-fpm entered RUNNING state, process has stayed up for > than 1 seconds (startsecs)
